[debug] [2022-12-31T04:48:31.054Z] ----------------------------------------------------------------------
[debug] [2022-12-31T04:48:31.055Z] Command:       /usr/local/bin/firebase /home/daniel/.cache/firebase/tools/lib/node_modules/firebase-tools/lib/bin/firebase deploy
[debug] [2022-12-31T04:48:31.055Z] CLI Version:   11.19.0
[debug] [2022-12-31T04:48:31.055Z] Platform:      linux
[debug] [2022-12-31T04:48:31.055Z] Node Version:  v16.16.0
[debug] [2022-12-31T04:48:31.057Z] Time:          Fri Dec 30 2022 20:48:31 GMT-0800 (Pacific Standard Time)
[debug] [2022-12-31T04:48:31.057Z] ----------------------------------------------------------------------
[debug] 
[debug] [2022-12-31T04:48:31.059Z] >>> [apiv2][query] GET https://firebase-public.firebaseio.com/cli.json [none]
[debug] [2022-12-31T04:48:31.103Z] > command requires scopes: ["email","openid","https://www.googleapis.com/auth/cloudplatformprojects.readonly","https://www.googleapis.com/auth/firebase","https://www.googleapis.com/auth/cloud-platform"]
[debug] [2022-12-31T04:48:31.103Z] > authorizing via signed-in user (piperdaniel1@gmail.com)
[debug] [2022-12-31T04:48:31.103Z] [iam] checking project pd1-portfolio for permissions ["firebase.projects.get","firebasehosting.sites.update"]
[debug] [2022-12-31T04:48:31.104Z] > refreshing access token with scopes: []
[debug] [2022-12-31T04:48:31.104Z] >>> [apiv2][query] POST https://www.googleapis.com/oauth2/v3/token [none]
[debug] [2022-12-31T04:48:31.104Z] >>> [apiv2][body] POST https://www.googleapis.com/oauth2/v3/token [omitted]
[debug] [2022-12-31T04:48:31.267Z] <<< [apiv2][status] POST https://www.googleapis.com/oauth2/v3/token 200
[debug] [2022-12-31T04:48:31.267Z] <<< [apiv2][body] POST https://www.googleapis.com/oauth2/v3/token [omitted]
[debug] [2022-12-31T04:48:31.285Z] >>> [apiv2][query] POST https://cloudresourcemanager.googleapis.com/v1/projects/pd1-portfolio:testIamPermissions [none]
[debug] [2022-12-31T04:48:31.286Z] >>> [apiv2][(partial)header] POST https://cloudresourcemanager.googleapis.com/v1/projects/pd1-portfolio:testIamPermissions x-goog-quota-user=projects/pd1-portfolio
[debug] [2022-12-31T04:48:31.286Z] >>> [apiv2][body] POST https://cloudresourcemanager.googleapis.com/v1/projects/pd1-portfolio:testIamPermissions {"permissions":["firebase.projects.get","firebasehosting.sites.update"]}
[debug] [2022-12-31T04:48:32.446Z] <<< [apiv2][status] GET https://firebase-public.firebaseio.com/cli.json 200
[debug] [2022-12-31T04:48:32.446Z] <<< [apiv2][body] GET https://firebase-public.firebaseio.com/cli.json {"cloudBuildErrorAfter":1594252800000,"cloudBuildWarnAfter":1590019200000,"defaultNode10After":1594252800000,"minVersion":"3.0.5","node8DeploysDisabledAfter":1613390400000,"node8RuntimeDisabledAfter":1615809600000,"node8WarnAfter":1600128000000}
[debug] [2022-12-31T04:48:32.494Z] <<< [apiv2][status] POST https://cloudresourcemanager.googleapis.com/v1/projects/pd1-portfolio:testIamPermissions 200
[debug] [2022-12-31T04:48:32.495Z] <<< [apiv2][body] POST https://cloudresourcemanager.googleapis.com/v1/projects/pd1-portfolio:testIamPermissions {"permissions":["firebase.projects.get","firebasehosting.sites.update"]}
[debug] [2022-12-31T04:48:32.497Z] >>> [apiv2][query] GET https://firebase.googleapis.com/v1beta1/projects/pd1-portfolio [none]
[debug] [2022-12-31T04:48:33.781Z] <<< [apiv2][status] GET https://firebase.googleapis.com/v1beta1/projects/pd1-portfolio 200
[debug] [2022-12-31T04:48:33.781Z] <<< [apiv2][body] GET https://firebase.googleapis.com/v1beta1/projects/pd1-portfolio {"projectId":"pd1-portfolio","projectNumber":"628997129708","displayName":"pd1-portfolio","name":"projects/pd1-portfolio","resources":{"hostingSite":"pd1-portfolio"},"state":"ACTIVE","etag":"1_fea38318-6a01-484f-af67-8f2afa430e84"}
[info] 
[info] === Deploying to 'pd1-portfolio'...
[info] 
[info] i  deploying hosting 
[debug] [2022-12-31T04:48:33.786Z] Specified "public" directory "build" does not exist; Deploy to Hosting site "pd1-portfolio" may fail or be empty.
[debug] [2022-12-31T04:48:33.788Z] >>> [apiv2][query] POST https://firebasehosting.googleapis.com/v1beta1/projects/-/sites/pd1-portfolio/versions [none]
[debug] [2022-12-31T04:48:33.788Z] >>> [apiv2][body] POST https://firebasehosting.googleapis.com/v1beta1/projects/-/sites/pd1-portfolio/versions {"status":"CREATED","labels":{"deployment-tool":"cli-firebase"}}
